[19:32:32] [LOGIN] L has logged in. Player: L[19:54:12] [LOGIN] L has logged in. Player: L[19:57:11] [LOGIN] L has logged in. Player: L[20:3:44] [LOGIN] L has logged in. Player: L[20:7:18] [LOGIN] L has logged in. Player: L[20:18:56] [LOGIN] L has logged in. Player: L[20:28:18] [LOGIN] L has logged in. Player: L[20:31:17] [LOGIN] L has logged in. Player: L[20:39:54] [LOGIN] L has logged in. Player: L[20:47:6] [LOGIN] L has logged in. Player: L[20:48:46] [LOGIN] L has logged in. Player: L[13:5:58] [LOGIN] L has logged in. Player: L
[15:5:50] [LOGIN] L has logged in. Player: L
[21:46:3] [REGISTER]: Test registered this account. Initial player: L
[22:5:9] [LOGIN] Test has logged in. Player: L
[22:10:23] [LOGIN] Test has logged in. Player: L
[16:32:31] [LOGIN] Test has logged in. Player: L
[16:38:48] [REGISTER]: L registered this account. Initial player: L
[16:45:22] [LOGIN] L has logged in. Player: L
[16:48:22] [LOGIN] L has logged in. Player: L
[16:51:42] [LOGIN] L has logged in. Player: L
[16:58:44] [LOGIN] L has logged in. Player: L
[17:5:19] [LOGIN] L has logged in. Player: L
[10:11:26] [LOGIN] L has logged in. Player: L
[10:15:22] [LOGIN] L has logged in. Player: L
[10:29:43] [LOGIN] L has logged in. Player: L
[10:36:18] [LOGIN] L has logged in. Player: L
[10:39:15] [LOGIN] L has logged in. Player: L
[14:7:5] [LOGIN] L has logged in. Player: L
[14:10:54] [LOGIN] L has logged in. Player: L
[14:16:41] [LOGIN] L has logged in. Player: L
[14:20:44] [LOGIN] L has logged in. Player: L
[14:26:39] [LOGIN] L has logged in. Player: L
[14:40:42] [LOGIN] L has logged in. Player: L
[14:43:1] [LOGIN] L has logged in. Player: L
[14:45:17] [LOGIN] L has logged in. Player: L
[14:53:25] [LOGIN] L has logged in. Player: L
[14:55:25] [LOGIN] L has logged in. Player: L
[14:59:13] [LOGIN] L has logged in. Player: L
[15:19:51] [LOGIN] L has logged in. Player: L
[15:24:58] [LOGIN] L has logged in. Player: L
[15:29:26] [LOGIN] L has logged in. Player: L
[15:31:34] [LOGIN] L has logged in. Player: L
[15:31:34] [LOGIN] L has logged in. Player: L
[15:37:49] [LOGIN] L has logged in. Player: L
[15:41:11] [LOGIN] L has logged in. Player: L
[15:58:17] [LOGIN] L has logged in. Player: L
[16:4:7] [LOGIN] L has logged in. Player: L
[16:5:46] [LOGIN] L has logged in. Player: L
[16:17:16] [LOGIN] L has logged in. Player: L
[16:21:43] [LOGIN] L has logged in. Player: L
[16:58:21] [LOGIN] L has logged in. Player: L
[17:6:15] [LOGIN] L has logged in. Player: L
[17:9:41] [LOGIN] L has logged in. Player: L
[17:13:9] [LOGIN] L has logged in. Player: L
[19:19:37] [LOGIN] L has logged in. Player: L
[19:27:45] [LOGIN] L has logged in. Player: L
[21:0:20] [LOGIN] L has logged in. Player: L
[21:19:11] [LOGIN] L has logged in. Player: L
[21:21:17] [LOGIN] L has logged in. Player: L
[21:31:36] [LOGIN] L has logged in. Player: L
[21:40:9] [LOGIN] L has logged in. Player: L
[21:43:0] [LOGIN] L has logged in. Player: L
[21:57:32] [LOGIN] L has logged in. Player: L
[22:12:15] [LOGIN] L has logged in. Player: L
[22:18:42] [LOGIN] L has logged in. Player: L
[22:41:29] [LOGIN] L has logged in. Player: L
[22:45:9] [LOGIN] L has logged in. Player: L
[22:58:11] [LOGIN] L has logged in. Player: L
[23:11:36] [LOGIN] L has logged in. Player: L
[23:16:44] [LOGIN] L has logged in. Player: L
[23:11:11] [LOGIN] L has logged in. Player: L
[23:18:53] [LOGIN] L has logged in. Player: L
[23:23:12] [LOGIN] L has logged in. Player: L
[10:41:43] [LOGIN] L has logged in. Player: L
[10:46:15] [LOGIN] L has logged in. Player: L
[11:51:2] [LOGIN] L has logged in. Player: L
[15:44:32] [LOGIN] L has logged in. Player: L
[16:27:38] [LOGIN] L has logged in. Player: L
[17:9:32] [LOGIN] L has logged in. Player: L
[17:31:14] [LOGIN] L has logged in. Player: L
[17:35:24] [LOGIN] L has logged in. Player: L
[20:7:16] [LOGIN] L has logged in. Player: L
[20:24:33] [LOGIN] L has logged in. Player: L
[20:30:38] [LOGIN] L has logged in. Player: L
[22:6:7] [LOGIN] L has logged in. Player: L
[22:20:28] [LOGIN] L has logged in. Player: L
[22:1:4] [LOGIN] L has logged in. Player: L
[22:8:0] [LOGIN] L has logged in. Player: L
[22:15:2] [REGISTER]: L registered this account. Initial player: L
[22:20:15] [LOGIN] L has logged in. Player: L
[22:31:18] [REGISTER]: L registered this account. Initial player: L
[22:32:10] [LOGIN] L has logged in. Player: L
[22:37:24] [LOGIN] L has logged in. Player: L
[22:41:59] [LOGIN] L has logged in. Player: L
[22:43:34] [REGISTER]: L registered this account. Initial player: L
[22:44:4] [LOGIN] L has logged in. Player: L
[22:51:32] [LOGIN] L has logged in. Player: L
[22:57:42] [LOGIN] L has logged in. Player: L
[23:0:56] [LOGIN] L has logged in. Player: L
[23:5:34] [LOGIN] L has logged in. Player: L
[23:7:57] [LOGIN] L has logged in. Player: L
[23:9:14] [LOGIN] L has logged in. Player: L
[23:11:57] [LOGIN] L has logged in. Player: L
[23:13:53] [LOGIN] L has logged in. Player: L
[23:16:53] [LOGIN] L has logged in. Player: L
[23:17:59] [LOGIN] L has logged in. Player: L
[23:20:26] [LOGIN] L has logged in. Player: L
[23:26:17] [LOGIN] L has logged in. Player: L
