[19:32:43] L picked up from ground: Bandage[19:32:48] L picked up from ground: Bandage[13:06:6] L picked up from ground: Bandage
[13:06:13] L picked up from ground: Bandage
[13:06:39] L picked up from ground: Bandage
[13:38:26] L picked up from ground: Bandage
[21:50:52] Test picked up from ground: Assault Pack (ACU)
[22:05:27] Test picked up from ground: Assault Pack (ACU)
[22:24:17] [ITEMS] Items for 'Industrial' spawned.
[22:24:17] [ITEMS] Items for 'Farm' spawned.
[22:24:17] [ITEMS] Items for 'Supermarket' spawned.
[22:24:17] [ITEMS] Items for 'Military' spawned.
[22:28:20] [ITEMS] Items for 'Industrial' spawned.
[22:28:50] [ITEMS] Items for 'Farm' spawned.
[22:29:21] [ITEMS] Items for 'Supermarket' spawned.
[22:29:51] [ITEMS] Items for 'Military' spawned.
[22:33:14] [ITEMS] Items for 'Industrial' spawned.
[22:33:45] [ITEMS] Items for 'Farm' spawned.
[22:34:16] [ITEMS] Items for 'Supermarket' spawned.
[22:34:46] [ITEMS] Items for 'Military' spawned.
[23:23:40] L picked up from ground: GPS
[11:55:57] L picked up from ground: GPS
